<?xml version="1.0" encoding="UTF-8"?>
<!-- Generated by org.testng.reporters.JUnitXMLReporter -->
<testsuite ignored="0" hostname="LPFKOL015150" failures="2" tests="3" name="Test" time="39.424" errors="0" timestamp="2025-01-27T16:37:23 IST">
  <testcase classname="ExplorePlaywright.HandleWebTable" name="handleWebTable" time="12.869">
    <failure type="java.lang.AssertionError" message="expected [true] but found [false]">
      <![CDATA[java.lang.AssertionError: expected [true] but found [false]
at ExplorePlaywright.HandleWebTable.handleWebTable(HandleWebTable.java:45)
at java.base/java.util.ArrayList.forEach(ArrayList.java:1511)
... Removed 31 stack frames]]>
    </failure>
  </testcase> <!-- handleWebTable -->
  <testcase classname="ExplorePlaywright.HandleMultipleWindow" name="multipleWindow" time="16.231">
    <failure type="com.microsoft.playwright.impl.TargetClosedError" message="Error {
  message=&amp;apos;Target page, context or browser has been closed
  name=&amp;apos;TargetClosedError
  stack=&amp;apos;TargetClosedError: Target page, context or browser has been closed
    at DispatcherConnection.dispatch (C:\Users\FKOL01~1\AppData\Local\Temp\playwright-java-13120037322049042993\package\lib\server\dispatchers\dispatcher.js:375:15)
}
Call log:
-   - waiting for locator(&amp;quot;xpath=(//*[local-name()=&amp;apos;svg&amp;apos;])[1]&amp;quot;)
-     - locator resolved to &amp;lt;svg aria-hidden=&amp;quot;true&amp;quot; viewBox=&amp;quot;0 0 448 512&amp;quot; xmlns=&amp;quot;http://www.w3.org/2000/svg&amp;quot; class=&amp;quot;e-font-icon-svg e-fas-align-justify&amp;quot;&amp;gt;…&amp;lt;/svg&amp;gt;
-   - attempting click action
-     2 × waiting for element to be visible, enabled and stable
-       - element is not visible
-     - retrying click action
-     - waiting 20ms
-     2 × waiting for element to be visible, enabled and stable
-       - element is not visible
-     - retrying click action
-       - waiting 100ms
-     16 × waiting for element to be visible, enabled and stable
-        - element is not visible
-      - retrying click action
-        - waiting 500ms
">
      <![CDATA[com.microsoft.playwright.impl.TargetClosedError: Error {
  message='Target page, context or browser has been closed
  name='TargetClosedError
  stack='TargetClosedError: Target page, context or browser has been closed
    at DispatcherConnection.dispatch (C:\Users\FKOL01~1\AppData\Local\Temp\playwright-java-13120037322049042993\package\lib\server\dispatchers\dispatcher.js:375:15)
}
Call log:
-   - waiting for locator("xpath=(//*[local-name()='svg'])[1]")
-     - locator resolved to <svg aria-hidden="true" viewBox="0 0 448 512" xmlns="http://www.w3.org/2000/svg" class="e-font-icon-svg e-fas-align-justify">…</svg>
-   - attempting click action
-     2 × waiting for element to be visible, enabled and stable
-       - element is not visible
-     - retrying click action
-     - waiting 20ms
-     2 × waiting for element to be visible, enabled and stable
-       - element is not visible
-     - retrying click action
-       - waiting 100ms
-     16 × waiting for element to be visible, enabled and stable
-        - element is not visible
-      - retrying click action
-        - waiting 500ms

at com.microsoft.playwright.impl.WaitableResult.get(WaitableResult.java:54)
at com.microsoft.playwright.impl.ChannelOwner.runUntil(ChannelOwner.java:132)
at com.microsoft.playwright.impl.Connection.sendMessage(Connection.java:130)
at com.microsoft.playwright.impl.ChannelOwner.sendMessage(ChannelOwner.java:118)
at com.microsoft.playwright.impl.FrameImpl.clickImpl(FrameImpl.java:252)
at com.microsoft.playwright.impl.FrameImpl.lambda$click$8(FrameImpl.java:243)
at com.microsoft.playwright.impl.LoggingSupport.lambda$withLogging$0(LoggingSupport.java:36)
at com.microsoft.playwright.impl.LoggingSupport.withLogging(LoggingSupport.java:47)
at com.microsoft.playwright.impl.ChannelOwner.withLogging(ChannelOwner.java:97)
at com.microsoft.playwright.impl.LoggingSupport.withLogging(LoggingSupport.java:35)
at com.microsoft.playwright.impl.FrameImpl.click(FrameImpl.java:243)
at com.microsoft.playwright.impl.LocatorImpl.click(LocatorImpl.java:175)
at com.microsoft.playwright.Locator.click(Locator.java:2493)
at ExplorePlaywright.HandleMultipleWindow.lambda$0(HandleMultipleWindow.java:26)
at com.microsoft.playwright.impl.ChannelOwner.runUntil(ChannelOwner.java:128)
at com.microsoft.playwright.impl.BrowserContextImpl.waitForEventWithTimeout(BrowserContextImpl.java:246)
at com.microsoft.playwright.impl.BrowserContextImpl.waitForPageImpl(BrowserContextImpl.java:258)
at com.microsoft.playwright.impl.BrowserContextImpl.lambda$waitForPage$0(BrowserContextImpl.java:251)
at com.microsoft.playwright.impl.WaitForEventLogger.lambda$get$0(WaitForEventLogger.java:50)
at com.microsoft.playwright.impl.LoggingSupport.withLogging(LoggingSupport.java:47)
at com.microsoft.playwright.impl.ChannelOwner.withLogging(ChannelOwner.java:97)
at com.microsoft.playwright.impl.WaitForEventLogger.get(WaitForEventLogger.java:41)
at com.microsoft.playwright.impl.ChannelOwner.withWaitLogging(ChannelOwner.java:87)
at com.microsoft.playwright.impl.BrowserContextImpl.waitForPage(BrowserContextImpl.java:251)
at com.microsoft.playwright.BrowserContext.waitForPage(BrowserContext.java:1601)
at ExplorePlaywright.HandleMultipleWindow.multipleWindow(HandleMultipleWindow.java:24)
at java.base/java.util.ArrayList.forEach(ArrayList.java:1511)
Caused by: com.microsoft.playwright.impl.TargetClosedError: Error {
  message='Target page, context or browser has been closed
  name='TargetClosedError
  stack='TargetClosedError: Target page, context or browser has been closed
    at DispatcherConnection.dispatch (C:\Users\FKOL01~1\AppData\Local\Temp\playwright-java-13120037322049042993\package\lib\server\dispatchers\dispatcher.js:375:15)
}
Call log:
-   - waiting for locator("xpath=(//*[local-name()='svg'])[1]")
-     - locator resolved to <svg aria-hidden="true" viewBox="0 0 448 512" xmlns="http://www.w3.org/2000/svg" class="e-font-icon-svg e-fas-align-justify">…</svg>
-   - attempting click action
-     2 × waiting for element to be visible, enabled and stable
-       - element is not visible
-     - retrying click action
-     - waiting 20ms
-     2 × waiting for element to be visible, enabled and stable
-       - element is not visible
-     - retrying click action
-       - waiting 100ms
-     16 × waiting for element to be visible, enabled and stable
-        - element is not visible
-      - retrying click action
-        - waiting 500ms

at com.microsoft.playwright.impl.Connection.dispatch(Connection.java:256)
at com.microsoft.playwright.impl.Connection.processOneMessage(Connection.java:211)
at com.microsoft.playwright.impl.ChannelOwner.runUntil(ChannelOwner.java:130)
... 52 more
... Removed 27 stack frames]]>
    </failure>
  </testcase> <!-- multipleWindow -->
  <testcase classname="ExplorePlaywright.HandleAlertPlaywright" name="handleAlert" time="9.961"/>
</testsuite> <!-- Test -->
