<?xml version="1.0" encoding="UTF-8"?>
<testng-results ignored="0" total="1" passed="1" failed="0" skipped="0">
  <reporter-output>
  </reporter-output>
  <suite started-at="2025-01-25T20:22:52 IST" name="Surefire suite" finished-at="2025-01-25T20:22:59 IST" duration-ms="6387">
    <groups>
    </groups>
    <test started-at="2025-01-25T20:22:52 IST" name="Surefire test" finished-at="2025-01-25T20:22:59 IST" duration-ms="6387">
      <class name="ExplorePlaywright.PWsecondTest">
        <test-method signature="crossBrowserTesting()[pri:0, instance:ExplorePlaywright.PWsecondTest@f2f2cc1]" started-at="2025-01-25T20:22:52 IST" name="crossBrowserTesting" finished-at="2025-01-25T20:22:59 IST" duration-ms="6368" status="PASS">
          <reporter-output>
          </reporter-output>
        </test-method> <!-- crossBrowserTesting -->
      </class> <!-- ExplorePlaywright.PWsecondTest -->
    </test> <!-- Surefire test -->
  </suite> <!-- Surefire suite -->
</testng-results>
